Arguments: 
  /home/ir1d/.nvm/versions/node/v12.10.0/bin/node /usr/share/yarn/bin/yarn.js init

PATH: 
  /home/ir1d/.zplugin/plugins/zdharma---zsh-diff-so-fancy/bin:/home/ir1d/anaconda3/bin:/home/ir1d/anaconda3/condabin:/home/ir1d/.nvm/versions/node/v12.10.0/bin:/home/ir1d/bin:/home/ir1d/.local/bin:/usr/local/sbin:/usr/local/bin:/usr/sbin:/usr/bin:/sbin:/bin:/usr/games:/usr/local/games:/snap/bin:/usr/local/go/bin:/usr/local/go/bin:/home/ir1d/.yarn/bin:/usr/local/texlive/2019/bin/x86_64-linux

Yarn version: 
  1.12.3

Node version: 
  12.10.0

Platform: 
  linux x64

Trace: 
  Error: canceled
      at Interface.<anonymous> (/usr/share/yarn/lib/cli.js:125278:13)
      at Interface.emit (events.js:209:13)
      at Interface._ttyWrite (readline.js:887:16)
      at ReadStream.onkeypress (readline.js:191:10)
      at ReadStream.emit (events.js:209:13)
      at emitKeys (internal/readline/utils.js:433:14)
      at emitKeys.next (<anonymous>)
      at ReadStream.onData (readline.js:1153:36)
      at ReadStream.emit (events.js:209:13)
      at addChunk (_stream_readable.js:305:12)

npm manifest: 
  {
    "name": "gatsby-gitbook-boilerplate",
    "private": true,
    "description": "Documentation, built with mdx",
    "author": "Praveen <praveen@hasura.io> (@praveenweb)",
    "version": "0.0.1",
    "dependencies": {
      "@babel/plugin-proposal-export-default-from": "^7.7.4",
      "@emotion/core": "^10.0.22",
      "@emotion/styled": "^10.0.23",
      "@emotion/styled-base": "^10.0.24",
      "@mdx-js/loader": "^1.5.1",
      "@mdx-js/mdx": "^1.5.1",
      "@mdx-js/react": "^1.5.1",
      "@philpl/buble": "^0.19.7",
      "@playlyfe/gql": "^2.6.2",
      "algoliasearch": "^3.35.1",
      "dotenv": "^8.2.0",
      "emotion": "^10.0.23",
      "emotion-server": "^10.0.17",
      "emotion-theming": "^10.0.19",
      "gatsby": "^2.18.10",
      "gatsby-link": "^2.2.27",
      "gatsby-plugin-algolia": "^0.5.0",
      "gatsby-plugin-emotion": "^4.1.18",
      "gatsby-plugin-gtag": "^1.0.12",
      "gatsby-plugin-layout": "^1.1.18",
      "gatsby-plugin-manifest": "^2.2.33",
      "gatsby-plugin-mdx": "^1.0.61",
      "gatsby-plugin-offline": "^3.0.29",
      "gatsby-plugin-react-helmet": "^3.1.18",
      "gatsby-plugin-remove-serviceworker": "^1.0.0",
      "gatsby-plugin-sharp": "^2.3.7",
      "gatsby-plugin-sitemap": "^2.2.24",
      "gatsby-remark-copy-linked-files": "^2.1.33",
      "gatsby-remark-images": "^3.1.37",
      "gatsby-source-filesystem": "^2.1.42",
      "gatsby-transformer-remark": "^2.6.42",
      "graphql": "^14.5.8",
      "is-absolute-url": "^3.0.3",
      "lodash.flatten": "^4.4.0",
      "lodash.startcase": "^4.4.0",
      "react": "^16.12.0",
      "react-dom": "^16.12.0",
      "react-feather": "^2.0.3",
      "react-github-btn": "^1.1.1",
      "react-helmet": "^5.2.1",
      "react-id-generator": "^3.0.0",
      "react-instantsearch-dom": "^6.0.0",
      "react-live": "^2.2.2",
      "react-loadable": "^5.5.0",
      "styled-components": "^4.4.1",
      "styled-icons": "^9.0.1"
    },
    "license": "MIT",
    "main": "n/a",
    "scripts": {
      "start": "gatsby develop",
      "build": "gatsby build --prefix-paths"
    },
    "devDependencies": {
      "gatsby-plugin-remove-trailing-slashes": "^2.1.17",
      "prism-react-renderer": "^1.0.2"
    }
  }

yarn manifest: 
  No manifest

Lockfile: 
  No lockfile
